info it worked if it ends with ok
verbose cli [ 'node',
verbose cli   '/usr/local/bin/npm',
verbose cli   'install',
verbose cli   'haml-coffee' ]
info using npm@1.0.25
info using node@v0.4.8
verbose /usr/local/bin/node node symlink
verbose config file /Users/chris/.npmrc
verbose config file /usr/local/etc/npmrc
silly testEngine { name: 'chrismccord',
silly testEngine   version: '0.0.1',
silly testEngine   main: './server.js',
silly testEngine   dependencies: { 'node-static': '>= 0.5.9' },
silly testEngine   _npmJsonOpts: 
silly testEngine    { file: '/Users/chris/Workspace/projects/chrismccord/package.json',
silly testEngine      wscript: false,
silly testEngine      contributors: false,
silly testEngine      serverjs: true },
silly testEngine   _id: 'chrismccord@0.0.1',
silly testEngine   scripts: { start: 'node server.js' },
silly testEngine   devDependencies: {},
silly testEngine   engines: { node: '*' },
silly testEngine   _engineSupported: true,
silly testEngine   _npmVersion: '1.0.25',
silly testEngine   _nodeVersion: 'v0.4.8',
silly testEngine   _defaultsLoaded: true }
verbose caching /Users/chris/Workspace/projects/chrismccord/package.json
verbose loadDefaults chrismccord@0.0.1
silly testEngine { name: 'node-static',
silly testEngine   description: 'simple, compliant file streaming module for node',
silly testEngine   url: 'http://github.com/cloudhead/node-static',
silly testEngine   keywords: [ 'http', 'static', 'file', 'server' ],
silly testEngine   author: 
silly testEngine    { name: 'Alexis Sellier',
silly testEngine      email: 'self@cloudhead.net' },
silly testEngine   contributors: [],
silly testEngine   licenses: [ 'MIT' ],
silly testEngine   dependencies: {},
silly testEngine   lib: 'lib',
silly testEngine   main: './lib/node-static',
silly testEngine   version: '0.5.9',
silly testEngine   directories: { test: './test' },
silly testEngine   engines: { node: '>= 0.4.1' },
silly testEngine   _npmJsonOpts: 
silly testEngine    { file: '/Users/chris/Workspace/projects/chrismccord/node_modules/node-static/package.json',
silly testEngine      wscript: false,
silly testEngine      contributors: false,
silly testEngine      serverjs: false },
silly testEngine   _id: 'node-static@0.5.9',
silly testEngine   devDependencies: {},
silly testEngine   _engineSupported: true,
silly testEngine   _npmVersion: '1.0.25',
silly testEngine   _nodeVersion: 'v0.4.8',
silly testEngine   _defaultsLoaded: true }
verbose caching /Users/chris/Workspace/projects/chrismccord/node_modules/node-static/package.json
verbose loadDefaults node-static@0.5.9
silly testEngine { name: 'connect',
silly testEngine   version: '1.7.0',
silly testEngine   description: 'High performance middleware framework',
silly testEngine   keywords: [ 'framework', 'web', 'middleware', 'connect', 'rack' ],
silly testEngine   repository: 
silly testEngine    { type: 'git',
silly testEngine      url: 'git://github.com/senchalabs/connect.git' },
silly testEngine   author: 
silly testEngine    { name: 'TJ Holowaychuk',
silly testEngine      email: 'tj@vision-media.ca',
silly testEngine      url: 'http://tjholowaychuk.com' },
silly testEngine   dependencies: { qs: '>= 0.3.1', mime: '>= 0.0.1' },
silly testEngine   devDependencies: 
silly testEngine    { expresso: '0.7.6',
silly testEngine      koala: '0.1.2',
silly testEngine      less: '1.1.1',
silly testEngine      sass: '0.5.0',
silly testEngine      markdown: '0.2.1',
silly testEngine      ejs: '0.4.3',
silly testEngine      should: '0.2.1' },
silly testEngine   main: 'index',
silly testEngine   engines: { node: '>= 0.4.1 < 0.5.0' },
silly testEngine   _npmJsonOpts: 
silly testEngine    { file: '/Users/chris/Workspace/projects/chrismccord/node_modules/connect/package.json',
silly testEngine      contributors: false,
silly testEngine      wscript: false,
silly testEngine      serverjs: false },
silly testEngine   _id: 'connect@1.7.0',
silly testEngine   _engineSupported: true,
silly testEngine   _npmVersion: '1.0.25',
silly testEngine   _nodeVersion: 'v0.4.8',
silly testEngine   _defaultsLoaded: true }
verbose caching /Users/chris/Workspace/projects/chrismccord/node_modules/connect/package.json
verbose loadDefaults connect@1.7.0
silly testEngine { name: 'evented-twitter',
silly testEngine   description: 'An asynchronous twitter client for node.js',
silly testEngine   version: '0.2.0',
silly testEngine   author: 
silly testEngine    { name: 'Marco Rogers',
silly testEngine      url: 'http://github.com/polotek' },
silly testEngine   repository: 
silly testEngine    { type: 'git',
silly testEngine      url: 'git://github.com/polotek/evented-twitter.git' },
silly testEngine   bugs: { url: 'http://github.com/polotek/evented-twitter/issues' },
silly testEngine   directories: { lib: './lib/' },
silly testEngine   main: './lib/evented-twitter',
silly testEngine   engines: { node: '>=0.1.90' },
silly testEngine   _npmJsonOpts: 
silly testEngine    { file: '/Users/chris/Workspace/projects/chrismccord/node_modules/evented-twitter/package.json',
silly testEngine      wscript: false,
silly testEngine      contributors: false,
silly testEngine      serverjs: false },
silly testEngine   _id: 'evented-twitter@0.2.0',
silly testEngine   dependencies: {},
silly testEngine   devDependencies: {},
silly testEngine   _engineSupported: true,
silly testEngine   _npmVersion: '1.0.25',
silly testEngine   _nodeVersion: 'v0.4.8',
silly testEngine   _defaultsLoaded: true }
verbose caching /Users/chris/Workspace/projects/chrismccord/node_modules/evented-twitter/package.json
verbose loadDefaults evented-twitter@0.2.0
verbose from cache /Users/chris/Workspace/projects/chrismccord/package.json
verbose into /Users/chris/Workspace/projects/chrismccord [ 'haml-coffee' ]
verbose cache add haml-coffee
verbose cache add [ 'haml-coffee', null ]
verbose parsed url { pathname: 'haml-coffee', href: 'haml-coffee' }
info addNamed [ 'haml-coffee', '' ]
verbose addNamed [ null, '' ]
verbose GET haml-coffee
verbose raw, before any munging haml-coffee
verbose url resolving [ 'http://registry.npmjs.org/', './haml-coffee' ]
verbose url resolved http://registry.npmjs.org/haml-coffee
verbose url parsed { protocol: 'http:',
verbose url parsed   slashes: true,
verbose url parsed   host: 'registry.npmjs.org',
verbose url parsed   hostname: 'registry.npmjs.org',
verbose url parsed   href: 'http://registry.npmjs.org/haml-coffee',
verbose url parsed   pathname: '/haml-coffee' }
verbose response http://registry.npmjs.org/haml-coffee
silly chunk {"error":"not_found","reason":"document not found"}
silly chunk 
silly get cb [ 404,
silly get cb   { server: 'CouchDB/1.1.1 (Erlang OTP/R14B04)',
silly get cb     date: 'Sat, 05 Nov 2011 15:36:27 GMT',
silly get cb     'content-type': 'application/json',
silly get cb     'content-length': '52',
silly get cb     'cache-control': 'must-revalidate' } ]
ERR! 404 'haml-coffee' is not in the npm registry.
ERR! 404 You should bug the author to publish it.
ERR! 404 Note that you can also install from a tarball or folder.
ERR! 
ERR! System Darwin 11.2.0
ERR! command "node" "/usr/local/bin/npm" "install" "haml-coffee"
ERR! cwd /Users/chris/Workspace/projects/chrismccord
ERR! node -v v0.4.8
ERR! npm -v 1.0.25
verbose exit [ 1, true ]
